C:\Users\cortes\Documents\DWG 2010\PLANS SECURITE\LUCIOLES\Esin00c.dwg,Model,14/02/2010 12:05:48,cortes,DWG To PDF.pc3,ISO A3 (297.00 x 420.00 mm),1:0.11707,
C:\Users\cortes\Documents\DWG 2010\PLANS SECURITE\LUCIOLES\Esin00d.dwg,Model,14/02/2010 12:16:09,cortes,DWG To PDF.pc3,ISO expand A3 (420.00 x 297.00 mm),1:0.099865,
C:\Users\cortes\Documents\DWG 2010\PLANS SECURITE\LUCIOLES\Esin00a.dwg,Model,14/02/2010 12:17:47,cortes,DWG To PDF.pc3,ISO A3 (420.00 x 297.00 mm),1:0.111352,
C:\Users\cortes\Documents\DWG 2010\PLANS SECURITE\LUCIOLES\Esin00c.dwg,Model,14/02/2010 12:20:02,cortes,DWG To PDF.pc3,ISO A3 (420.00 x 297.00 mm),1:0.110547,
C:\Users\cortes\Documents\DWG 2010\PLANS SECURITE\LUCIOLES\Esin00e.dwg,Model,14/02/2010 12:27:54,cortes,DWG To PDF.pc3,ISO A3 (420.00 x 297.00 mm),1:0.117407,
C:\Users\cortes\Documents\DWG 2010\PLANS SECURITE\LUCIOLES\esins01a.dwg,Model,14/02/2010 13:38:51,cortes,DWG To PDF.pc3,ISO A3 (297.00 x 420.00 mm),1:0.118484,
C:\Users\cortes\Documents\DWG 2010\PLANS SECURITE\LUCIOLES\esins01b.dwg,Model,14/02/2010 13:57:40,cortes,DWG To PDF.pc3,ISO A3 (420.00 x 297.00 mm),1:0.112871,
C:\Users\cortes\Documents\DWG 2010\PLANS SECURITE\LUCIOLES\esins01c.dwg,Model,14/02/2010 14:15:24,cortes,DWG To PDF.pc3,ISO A3 (420.00 x 297.00 mm),1:0.124316,
C:\Users\cortes\Documents\DWG 2010\PLANS SECURITE\LUCIOLES\esins01d.dwg,Model,14/02/2010 14:28:36,cortes,DWG To PDF.pc3,ISO A3 (420.00 x 297.00 mm),1:0.105409,
C:\Users\cortes\Documents\DWG 2010\PLANS SECURITE\LUCIOLES\esins01c.dwg,Model,14/02/2010 14:30:56,cortes,DWG To PDF.pc3,ISO A3 (420.00 x 297.00 mm),1:0.12625,
C:\Users\cortes\Documents\DWG 2010\PLANS SECURITE\LUCIOLES\esins01d.dwg,Model,14/02/2010 14:32:56,cortes,DWG To PDF.pc3,ISO expand A4 (210.00 x 297.00 mm),1:0.156319,
C:\Users\cortes\Documents\DWG 2010\PLANS SECURITE\LUCIOLES\esins01e.dwg,Model,14/02/2010 15:40:37,cortes,DWG To PDF.pc3,ISO A3 (297.00 x 420.00 mm),1:0.132456,
C:\Users\cortes\Documents\DWG 2010\PLANS SECURITE\LUCIOLES\Esins02a.dwg,Model,14/02/2010 15:57:07,cortes,DWG To PDF.pc3,ISO expand A3 (420.00 x 297.00 mm),1:0.117302,
C:\Users\cortes\Documents\DWG 2010\PLANS SECURITE\LUCIOLES\esins01d.dwg,Model,14/02/2010 16:03:10,cortes,DWG To PDF.pc3,ISO A3 (420.00 x 297.00 mm),1:0.104621,
C:\Users\cortes\Documents\DWG 2010\PLANS SECURITE\LUCIOLES\Esin00a.dwg,Model,14/02/2010 16:16:31,cortes,DWG To PDF.pc3,ISO A3 (420.00 x 297.00 mm),1:0.114833,
C:\Users\cortes\Documents\DWG 2010\PLANS SECURITE\LUCIOLES\Esin00c.dwg,Model,14/02/2010 16:37:46,cortes,DWG To PDF.pc3,ISO A3 (420.00 x 297.00 mm),1:0.110187,
C:\Users\cortes\Documents\DWG 2010\PLANS SECURITE\LUCIOLES\Esin00d.dwg,Model,14/02/2010 16:44:01,cortes,DWG To PDF.pc3,ISO A3 (420.00 x 297.00 mm),1:0.10774,
C:\Users\cortes\Documents\DWG 2010\PLANS SECURITE\LUCIOLES\Esin00a.dwg,Model,14/02/2010 16:46:59,cortes,DWG To PDF.pc3,ISO A3 (297.00 x 420.00 mm),1:0.106242,
C:\Users\cortes\Documents\DWG 2010\PLANS SECURITE\LUCIOLES\Esin00d.dwg,Model,14/02/2010 16:53:17,cortes,DWG To PDF.pc3,ISO expand A4 (210.00 x 297.00 mm),1:0.137775,
C:\Users\cortes\Documents\DWG 2010\PLANS SECURITE\LUCIOLES\Esin00e.dwg,Model,14/02/2010 17:07:21,cortes,DWG To PDF.pc3,ISO expand A4 (210.00 x 297.00 mm),1:0.164657,
C:\Users\cortes\Documents\DWG 2010\PLANS SECURITE\LUCIOLES\esins01a.dwg,Model,14/02/2010 17:22:49,cortes,DWG To PDF.pc3,ISO expand A4 (210.00 x 297.00 mm),1:0.168363,
C:\Users\cortes\Documents\DWG 2010\PLANS SECURITE\LUCIOLES\esins01a.dwg,Model,14/02/2010 17:25:58,cortes,DWG To PDF.pc3,ISO expand A4 (210.00 x 297.00 mm),1:0.176429,
C:\Users\cortes\Documents\DWG 2010\PLANS SECURITE\LUCIOLES\esins01b.dwg,Model,14/02/2010 17:36:23,cortes,DWG To PDF.pc3,ISO A4 (210.00 x 297.00 mm),1:0.164395,
C:\Users\cortes\Documents\DWG 2010\PLANS SECURITE\LUCIOLES\esins01c.dwg,Model,14/02/2010 17:53:48,cortes,DWG To PDF.pc3,ISO expand A4 (210.00 x 297.00 mm),1:0.176432,
C:\Users\cortes\Documents\DWG 2010\PLANS SECURITE\LUCIOLES\esins01e.dwg,Model,14/02/2010 18:00:35,cortes,DWG To PDF.pc3,ISO expand A4 (210.00 x 297.00 mm),1:0.184363,
C:\Users\cortes\Documents\DWG 2010\PLANS SECURITE\LUCIOLES\Esins02a.dwg,Model,14/02/2010 18:05:42,cortes,DWG To PDF.pc3,ISO expand A4 (210.00 x 297.00 mm),1:0.162228,
C:\Users\cortes\Documents\DWG 2010\PLANS SECURITE\LUCIOLES\Esins02b.dwg,Model,14/02/2010 18:23:57,cortes,DWG To PDF.pc3,ANSI expand A (8.50 x 11.00 pouces),1:4.16274,
C:\Users\cortes\Documents\DWG 2010\PLANS SECURITE\LUCIOLES\Esins02c.dwg,Model,14/02/2010 18:32:15,cortes,DWG To PDF.pc3,ISO expand A4 (210.00 x 297.00 mm),1:0.169163,
C:\Users\cortes\Documents\DWG 2010\PLANS SECURITE\LUCIOLES\Esins02d.dwg,Model,14/02/2010 18:44:13,cortes,DWG To PDF.pc3,ISO expand A4 (210.00 x 297.00 mm),1:0.1556,
C:\Users\cortes\Documents\DWG 2010\PLANS SECURITE\LUCIOLES\Esins02e.dwg,Model,14/02/2010 18:51:48,cortes,DWG To PDF.pc3,ISO expand A4 (210.00 x 297.00 mm),1:0.176983,
G:\DWG 2010\PLANS SECURITE\LUCIOLES\Esins02a.dwg,Model,03/03/2010 15:51:32,cortes,DWG To PDF.pc3,ISO expand A4 (210.00 x 297.00 mm),1:0.168753,
G:\DWG 2010\PLANS SECURITE\LUCIOLES\Esins02d.dwg,Model,03/03/2010 15:53:38,cortes,DWG To PDF.pc3,ISO expand A4 (210.00 x 297.00 mm),1:0.157231,
G:\DWG 2010\PLANS SECURITE\LUCIOLES\Esins02d.dwg,Model,05/03/2010 14:40:58,cortes,DWG To PDF.pc3,ISO expand A4 (210.00 x 297.00 mm),1:0.076431,
